# JRE version: OpenJDK Runtime Environment (11.0.13) (build 11.0.13+0-b1751.21-8125866)
# Java VM: OpenJDK 64-Bit Server VM (11.0.13+0-b1751.21-8125866, mixed mode, tiered, compressed oops, g1 gc, windows-amd64)
Heap:
 garbage-first heap   total 157696K, used 71927K [0x0000000080000000, 0x0000000100000000)
  region size 1024K, 13 young (13312K), 9 survivors (9216K)
 Metaspace       used 84592K, capacity 86650K, committed 86864K, reserved 1124352K
  class space    used 10900K, capacity 11678K, committed 11776K, reserved 1048576K
GC Heap History (20 events):
Event: 28.011 GC heap before
{Heap before GC invocations=8 (full 0):
 garbage-first heap   total 131072K, used 84046K [0x0000000080000000, 0x0000000100000000)
  region size 1024K, 69 young (70656K), 5 survivors (5120K)
 Metaspace       used 35006K, capacity 35749K, committed 35920K, reserved 1081344K
  class space    used 4487K, capacity 4782K, committed 4864K, reserved 1048576K
}
Event: 28.072 GC heap after
{Heap after GC invocations=9 (full 0):
 garbage-first heap   total 131072K, used 23204K [0x0000000080000000, 0x0000000100000000)
  region size 1024K, 6 young (6144K), 6 survivors (6144K)
 Metaspace       used 35006K, capacity 35749K, committed 35920K, reserved 1081344K
  class space    used 4487K, capacity 4782K, committed 4864K, reserved 1048576K
}
Event: 33.632 GC heap before
{Heap before GC invocations=10 (full 0):
 garbage-first heap   total 131072K, used 91812K [0x0000000080000000, 0x0000000100000000)
  region size 1024K, 71 young (72704K), 6 survivors (6144K)
 Metaspace       used 40283K, capacity 41246K, committed 41424K, reserved 1085440K
  class space    used 5079K, capacity 5415K, committed 5504K, reserved 1048576K
}
Event: 33.721 GC heap after
{Heap after GC invocations=11 (full 0):
 garbage-first heap   total 131072K, used 28487K [0x0000000080000000, 0x0000000100000000)
  region size 1024K, 9 young (9216K), 9 survivors (9216K)
 Metaspace       used 40283K, capacity 41246K, committed 41424K, reserved 1085440K
  class space    used 5079K, capacity 5415K, committed 5504K, reserved 1048576K
}
Event: 39.494 GC heap before
{Heap before GC invocations=11 (full 0):
 garbage-first heap   total 131072K, used 92999K [0x0000000080000000, 0x0000000100000000)
  region size 1024K, 72 young (73728K), 9 survivors (9216K)
 Metaspace       used 46093K, capacity 47198K, committed 47312K, reserved 1091584K
  class space    used 5843K, capacity 6260K, committed 6272K, reserved 1048576K
}
Event: 39.556 GC heap after
{Heap after GC invocations=12 (full 0):
 garbage-first heap   total 157696K, used 30490K [0x0000000080000000, 0x0000000100000000)
  region size 1024K, 3 young (3072K), 3 survivors (3072K)
 Metaspace       used 46093K, capacity 47198K, committed 47312K, reserved 1091584K
  class space    used 5843K, capacity 6260K, committed 6272K, reserved 1048576K
}
Event: 50.509 GC heap before
{Heap before GC invocations=12 (full 0):
 garbage-first heap   total 157696K, used 110362K [0x0000000080000000, 0x0000000100000000)
  region size 1024K, 77 young (78848K), 3 survivors (3072K)
 Metaspace       used 50284K, capacity 51561K, committed 51792K, reserved 1093632K
  class space    used 6347K, capacity 6850K, committed 6912K, reserved 1048576K
}
Event: 50.551 GC heap after
{Heap after GC invocations=13 (full 0):
 garbage-first heap   total 157696K, used 43332K [0x0000000080000000, 0x0000000100000000)
  region size 1024K, 10 young (10240K), 10 survivors (10240K)
 Metaspace       used 50284K, capacity 51561K, committed 51792K, reserved 1093632K
  class space    used 6347K, capacity 6850K, committed 6912K, reserved 1048576K
}
Event: 58.160 GC heap before
{Heap before GC invocations=13 (full 0):
 garbage-first heap   total 157696K, used 104772K [0x0000000080000000, 0x0000000100000000)
  region size 1024K, 71 young (72704K), 10 survivors (10240K)
 Metaspace       used 58847K, capacity 60220K, committed 60240K, reserved 1101824K
  class space    used 7370K, capacity 7918K, committed 7936K, reserved 1048576K
}
Event: 58.256 GC heap after
{Heap after GC invocations=14 (full 0):
 garbage-first heap   total 157696K, used 46723K [0x0000000080000000, 0x0000000100000000)
  region size 1024K, 3 young (3072K), 3 survivors (3072K)
 Metaspace       used 58847K, capacity 60220K, committed 60240K, reserved 1101824K
  class space    used 7370K, capacity 7918K, committed 7936K, reserved 1048576K
}
Event: 64.339 GC heap before
{Heap before GC invocations=15 (full 0):
 garbage-first heap   total 157696K, used 121475K [0x0000000080000000, 0x0000000100000000)
  region size 1024K, 70 young (71680K), 3 survivors (3072K)
 Metaspace       used 64769K, capacity 66255K, committed 66384K, reserved 1107968K
  class space    used 8088K, capacity 8641K, committed 8704K, reserved 1048576K
}
Event: 64.401 GC heap after
{Heap after GC invocations=16 (full 0):
 garbage-first heap   total 157696K, used 52442K [0x0000000080000000, 0x0000000100000000)
  region size 1024K, 9 young (9216K), 9 survivors (9216K)
 Metaspace       used 64769K, capacity 66255K, committed 66384K, reserved 1107968K
  class space    used 8088K, capacity 8641K, committed 8704K, reserved 1048576K
}
Event: 67.771 GC heap before
{Heap before GC invocations=17 (full 0):
 garbage-first heap   total 157696K, used 99546K [0x0000000080000000, 0x0000000100000000)
  region size 1024K, 55 young (56320K), 9 survivors (9216K)
 Metaspace       used 66329K, capacity 67910K, committed 68176K, reserved 1107968K
  class space    used 8327K, capacity 8908K, committed 8960K, reserved 1048576K
}
Event: 67.844 GC heap after
{Heap after GC invocations=18 (full 0):
 garbage-first heap   total 157696K, used 55853K [0x0000000080000000, 0x0000000100000000)
  region size 1024K, 4 young (4096K), 4 survivors (4096K)
 Metaspace       used 66329K, capacity 67910K, committed 68176K, reserved 1107968K
  class space    used 8327K, capacity 8908K, committed 8960K, reserved 1048576K
}
Event: 74.441 GC heap before
{Heap before GC invocations=18 (full 0):
 garbage-first heap   total 157696K, used 120365K [0x0000000080000000, 0x0000000100000000)
  region size 1024K, 67 young (68608K), 4 survivors (4096K)
 Metaspace       used 72656K, capacity 74330K, committed 74576K, reserved 1114112K
  class space    used 9307K, capacity 9950K, committed 9984K, reserved 1048576K
}
Event: 74.508 GC heap after
{Heap after GC invocations=19 (full 0):
 garbage-first heap   total 157696K, used 59002K [0x0000000080000000, 0x0000000100000000)
  region size 1024K, 7 young (7168K), 7 survivors (7168K)
 Metaspace       used 72656K, capacity 74330K, committed 74576K, reserved 1114112K
  class space    used 9307K, capacity 9950K, committed 9984K, reserved 1048576K
}
Event: 80.451 GC heap before
{Heap before GC invocations=19 (full 0):
 garbage-first heap   total 157696K, used 123514K [0x0000000080000000, 0x0000000100000000)
  region size 1024K, 70 young (71680K), 7 survivors (7168K)
 Metaspace       used 78223K, capacity 79926K, committed 80080K, reserved 1118208K
  class space    used 10122K, capacity 10764K, committed 10880K, reserved 1048576K
}
Event: 80.523 GC heap after
{Heap after GC invocations=20 (full 0):
 garbage-first heap   total 157696K, used 63136K [0x0000000080000000, 0x0000000100000000)
  region size 1024K, 8 young (8192K), 8 survivors (8192K)
 Metaspace       used 78223K, capacity 79926K, committed 80080K, reserved 1118208K
  class space    used 10122K, capacity 10764K, committed 10880K, reserved 1048576K
}
Event: 86.875 GC heap before
{Heap before GC invocations=20 (full 0):
 garbage-first heap   total 157696K, used 124576K [0x0000000080000000, 0x0000000100000000)
  region size 1024K, 69 young (70656K), 8 survivors (8192K)
 Metaspace       used 84521K, capacity 86623K, committed 86864K, reserved 1124352K
  class space    used 10894K, capacity 11670K, committed 11776K, reserved 1048576K
}
Event: 86.974 GC heap after
{Heap after GC invocations=21 (full 0):
 garbage-first heap   total 157696K, used 68855K [0x0000000080000000, 0x0000000100000000)
  region size 1024K, 9 young (9216K), 9 survivors (9216K)
 Metaspace       used 84521K, capacity 86623K, committed 86864K, reserved 1124352K
  class space    used 10894K, capacity 11670K, committed 11776K, reserved 1048576K
}

